[{
	"resource": ".../src/app.svelte",
	"owner": "_generated_diagnostic_collection_name_#3",
	"code": {
		"value": "lint/style/useConst",
		"target": {
			"$mid": 1,
			"path": "/linter/rules/use-const",
			"scheme": "https",
			"authority": "biomejs.dev"
		}
	},
	"severity": 8,
	"message": "This let declares a variable that is only assigned once.",
	"source": "biome",
	"startLineNumber": 6,
	"startColumn": 11,
	"endLineNumber": 6,
	"endColumn": 14,
	"relatedInformation": [
		{
			"startLineNumber": 6,
			"startColumn": 15,
			"endLineNumber": 6,
			"endColumn": 28,
			"message": "'currentFilter' is never reassigned. ",
			"resource": ".../src/app.svelte"
		}
	],
	"origin": "extHost2"
},{
	"resource": ".../src/app.svelte",
	"owner": "_generated_diagnostic_collection_name_#3",
	"code": {
		"value": "lint/style/useConst",
		"target": {
			"$mid": 1,
			"path": "/linter/rules/use-const",
			"scheme": "https",
			"authority": "biomejs.dev"
		}
	},
	"severity": 8,
	"message": "This let declares a variable that is only assigned once.",
	"source": "biome",
	"startLineNumber": 7,
	"startColumn": 25,
	"endLineNumber": 7,
	"endColumn": 28,
	"relatedInformation": [
		{
			"startLineNumber": 7,
			"startColumn": 29,
			"endLineNumber": 7,
			"endColumn": 34,
			"message": "'tasks' is never reassigned. ",
			"resource": ".../src/app.svelte"
		}
	],
	"origin": "extHost2"
},{
	"resource": ".../src/app.svelte",
	"owner": "_generated_diagnostic_collection_name_#3",
	"code": {
		"value": "lint/style/useConst",
		"target": {
			"$mid": 1,
			"path": "/linter/rules/use-const",
			"scheme": "https",
			"authority": "biomejs.dev"
		}
	},
	"severity": 8,
	"message": "This let declares a variable that is only assigned once.",
	"source": "biome",
	"startLineNumber": 8,
	"startColumn": 14,
	"endLineNumber": 8,
	"endColumn": 17,
	"relatedInformation": [
		{
			"startLineNumber": 8,
			"startColumn": 18,
			"endLineNumber": 8,
			"endColumn": 27,
			"message": "'totalDone' is never reassigned. ",
			"resource": ".../src/app.svelte"
		}
	],
	"origin": "extHost2"
},{
	"resource": ".../src/app.svelte",
	"owner": "_generated_diagnostic_collection_name_#3",
	"code": {
		"value": "lint/correctness/noUnusedImports",
		"target": {
			"$mid": 1,
			"path": "/linter/rules/no-unused-imports",
			"scheme": "https",
			"authority": "biomejs.dev"
		}
	},
	"severity": 4,
	"message": "This import is unused.",
	"source": "biome",
	"startLineNumber": 1,
	"startColumn": 8,
	"endLineNumber": 1,
	"endColumn": 17,
	"origin": "extHost2"
},{
	"resource": ".../src/app.svelte",
	"owner": "_generated_diagnostic_collection_name_#3",
	"code": {
		"value": "lint/correctness/noUnusedImports",
		"target": {
			"$mid": 1,
			"path": "/linter/rules/no-unused-imports",
			"scheme": "https",
			"authority": "biomejs.dev"
		}
	},
	"severity": 4,
	"message": "This import is unused.",
	"source": "biome",
	"startLineNumber": 2,
	"startColumn": 45,
	"endLineNumber": 2,
	"endColumn": 54,
	"origin": "extHost2"
},{
	"resource": ".../src/app.svelte",
	"owner": "_generated_diagnostic_collection_name_#3",
	"code": {
		"value": "lint/correctness/noUnusedVariables",
		"target": {
			"$mid": 1,
			"path": "/linter/rules/no-unused-variables",
			"scheme": "https",
			"authority": "biomejs.dev"
		}
	},
	"severity": 4,
	"message": "This variable message is unused.",
	"source": "biome",
	"startLineNumber": 4,
	"startColumn": 34,
	"endLineNumber": 4,
	"endColumn": 41,
	"origin": "extHost2"
},{
	"resource": ".../src/app.svelte",
	"owner": "_generated_diagnostic_collection_name_#3",
	"code": {
		"value": "lint/correctness/noUnusedVariables",
		"target": {
			"$mid": 1,
			"path": "/linter/rules/no-unused-variables",
			"scheme": "https",
			"authority": "biomejs.dev"
		}
	},
	"severity": 4,
	"message": "This variable totalDone is unused.",
	"source": "biome",
	"startLineNumber": 8,
	"startColumn": 18,
	"endLineNumber": 8,
	"endColumn": 27,
	"origin": "extHost2"
},{
	"resource": ".../src/app.svelte",
	"owner": "_generated_diagnostic_collection_name_#3",
	"code": {
		"value": "lint/correctness/noUnusedVariables",
		"target": {
			"$mid": 1,
			"path": "/linter/rules/no-unused-variables",
			"scheme": "https",
			"authority": "biomejs.dev"
		}
	},
	"severity": 4,
	"message": "This variable filteredTasks is unused.",
	"source": "biome",
	"startLineNumber": 9,
	"startColumn": 76,
	"endLineNumber": 11,
	"endColumn": 1,
	"origin": "extHost2"
},{
	"resource": ".../src/app.svelte",
	"owner": "_generated_diagnostic_collection_name_#3",
	"code": {
		"value": "lint/correctness/noUnusedVariables",
		"target": {
			"$mid": 1,
			"path": "/linter/rules/no-unused-variables",
			"scheme": "https",
			"authority": "biomejs.dev"
		}
	},
	"severity": 4,
	"message": "This function addTask is unused.",
	"source": "biome",
	"startLineNumber": 23,
	"startColumn": 12,
	"endLineNumber": 24,
	"endColumn": 3,
	"origin": "extHost2"
},{
	"resource": ".../src/app.svelte",
	"owner": "_generated_diagnostic_collection_name_#3",
	"code": {
		"value": "lint/correctness/noUnusedVariables",
		"target": {
			"$mid": 1,
			"path": "/linter/rules/no-unused-variables",
			"scheme": "https",
			"authority": "biomejs.dev"
		}
	},
	"severity": 4,
	"message": "This function toggleDone is unused.",
	"source": "biome",
	"startLineNumber": 30,
	"startColumn": 17,
	"endLineNumber": 34,
	"endColumn": 1,
	"origin": "extHost2"
},{
	"resource": ".../src/app.svelte",
	"owner": "_generated_diagnostic_collection_name_#3",
	"code": {
		"value": "lint/correctness/noUnusedVariables",
		"target": {
			"$mid": 1,
			"path": "/linter/rules/no-unused-variables",
			"scheme": "https",
			"authority": "biomejs.dev"
		}
	},
	"severity": 4,
	"message": "This function removeTask is unused.",
	"source": "biome",
	"startLineNumber": 35,
	"startColumn": 20,
	"endLineNumber": 38,
	"endColumn": 1,
	"origin": "extHost2"
}]
